-----------------------------------------------------------------------------------------------------
12日14时36分37秒Fatal:System');"@ Run queries (RunSQLReturnTable_200705_Ora with paras) Error  sql=SELECT  232*232+(23+323) NUM from DUAL  @ Exception Information :ORA-12541: TNS: 无监听程序
@Para Num= 0
12日14时36分37秒Info:System');"@ Run queries (RunSQLReturnTable_200705_Ora with paras) Error  sql=SELECT  232*232+(23+323) NUM from DUAL  @ Exception Information :ORA-12541: TNS: 无监听程序
@Para Num= 0SELECT  232*232+(23+323) NUM from DUAL 
12日14时37分05秒Fatal:System');"RunSQL2   SQL=SELECT * FROM Port_Dept WHERE 1=2ORA-12541: TNS: 无监听程序

12日14时37分06秒Fatal:System');"@ Run queries (RunSQLReturnTable_200705_Ora with paras) Error  sql=SELECT 1+2 FROM DUAL  @ Exception Information :ORA-12541: TNS: 无监听程序
@Para Num= 0
12日14时39分51秒Info:System');" Success [BP.Port.Emp-13] Placed in the cache .
12日14时42分08秒Fatal:System');"@ Run queries (RunSQLReturnTable_200705_Ora with paras) Error  sql= SELECT No, Name FROM CN_PQ WHERE  @ Exception Information :ORA-00936: 缺失表达式
@Para Num= 0
12日14时42分08秒Fatal:System');"@ Run queries (RunSQLReturnTable_200705_Ora with paras) Error  sql= SELECT No, Name FROM CN_PQ WHERE  @ Exception Information :ORA-00936: 缺失表达式
@Para Num= 0
12日14时50分02秒Info:System');" Success [BP.Sys.EnCfg-2] Placed in the cache .
12日14时50分02秒Info:System');" Success [BP.Sys.EnsAppCfg-0] Placed in the cache .
12日14时50分02秒Info:System');" Success [BP.Sys.EnsAppCfg-1] Placed in the cache .
12日14时57分09秒Info:System');" Success [BP.Port.Emp-13] Placed in the cache .
12日14时57分12秒Fatal:System');"RunSQL2   SQL=DROP INDEX ND1101ID ON ND1101ORA-00933: SQL 命令未正确结束

12日14时57分12秒Fatal:System');"RunSQL2   SQL=CREATE INDEX ND1101ID ON ND1101 (OID)ORA-00955: 名称已由现有对象使用

12日14时57分13秒Fatal:System');"RunSQL2   SQL=DROP INDEX ND1103ID ON ND1103ORA-00933: SQL 命令未正确结束

12日14时57分13秒Fatal:System');"RunSQL2   SQL=CREATE INDEX ND1103ID ON ND1103 (OID)ORA-00955: 名称已由现有对象使用

12日14时57分15秒Fatal:System');"RunSQL2   SQL=DROP INDEX ND1199ID ON ND1199ORA-00933: SQL 命令未正确结束

12日14时57分15秒Fatal:System');"RunSQL2   SQL=CREATE INDEX ND1199ID ON ND1199 (OID)ORA-00955: 名称已由现有对象使用

12日14时57分15秒Fatal:System');"RunSQL2   SQL=ALTER TABLE  ND11Track ADD Tag NVARCHAR(4000) DEFAULT '' NULLORA-01735: 无效的 ALTER TABLE 选项

12日14时57分18秒Fatal:System');"RunSQL2   SQL=DROP INDEX ND11RptID ON ND11RptORA-00933: SQL 命令未正确结束

12日14时57分18秒Fatal:System');"RunSQL2   SQL=CREATE INDEX ND11RptID ON ND11Rpt (OID)ORA-00955: 名称已由现有对象使用

-----------------------------------------------------------------------------------------------------
12日15时00分03秒Info:System');" Success [BP.Port.Emp-13] Placed in the cache .
12日15时05分28秒Info:System');" Success [BP.Sys.EnCfg-2] Placed in the cache .
12日15时06分34秒Info:System');" Success [BP.Port.Dept-6] Placed in the cache .
-----------------------------------------------------------------------------------------------------
12日17时06分20秒Info:System');" Success [BP.Port.Emp-13] Placed in the cache .
