-----------------------------------------------------------------------------------------------------
11日12时06分40秒Fatal:System');"@ Run queries (RunSQLReturnTable_200705_Ora with paras) Error  sql=SELECT  232*232+(23+323) NUM from DUAL  @ Exception Information :ORA-12541: TNS: 无监听程序
@Para Num= 0
11日12时06分40秒Info:System');"@ Run queries (RunSQLReturnTable_200705_Ora with paras) Error  sql=SELECT  232*232+(23+323) NUM from DUAL  @ Exception Information :ORA-12541: TNS: 无监听程序
@Para Num= 0SELECT  232*232+(23+323) NUM from DUAL 
11日12时06分52秒Fatal:System');"RunSQL2   SQL=SELECT * FROM Port_Dept WHERE 1=2ORA-12541: TNS: 无监听程序

11日12时06分52秒Fatal:System');"@ Run queries (RunSQLReturnTable_200705_Ora with paras) Error  sql=SELECT 1+2 FROM DUAL  @ Exception Information :ORA-12541: TNS: 无监听程序
@Para Num= 0
11日12时08分13秒Fatal:System');"@ Run queries (RunSQLReturnTable_200705_Ora with paras) Error  sql=SELECT 1+2 FROM DUAL  @ Exception Information :ORA-12541: TNS: 无监听程序
@Para Num= 0
11日12时08分28秒Fatal:System');"@ Run queries (RunSQLReturnTable_200705_Ora with paras) Error  sql=SELECT  232*232+(23+323) NUM from DUAL  @ Exception Information :ORA-12541: TNS: 无监听程序
@Para Num= 0
11日12时08分28秒Info:System');"@ Run queries (RunSQLReturnTable_200705_Ora with paras) Error  sql=SELECT  232*232+(23+323) NUM from DUAL  @ Exception Information :ORA-12541: TNS: 无监听程序
@Para Num= 0SELECT  232*232+(23+323) NUM from DUAL 
11日12时08分28秒Fatal:System');"RunSQL2   SQL=SELECT * FROM Port_Dept WHERE 1=2ORA-12541: TNS: 无监听程序

11日12时08分28秒Fatal:System');"@ Run queries (RunSQLReturnTable_200705_Ora with paras) Error  sql=SELECT 1+2 FROM DUAL  @ Exception Information :ORA-12541: TNS: 无监听程序
@Para Num= 0
-----------------------------------------------------------------------------------------------------
11日12时09分58秒Fatal:System');"@ Run queries (RunSQLReturnTable_200705_Ora with paras) Error  sql=SELECT  232*232+(23+323) NUM from DUAL  @ Exception Information :ORA-01017: invalid username/password; logon denied
@Para Num= 0
11日12时09分58秒Info:System');"@ Run queries (RunSQLReturnTable_200705_Ora with paras) Error  sql=SELECT  232*232+(23+323) NUM from DUAL  @ Exception Information :ORA-01017: invalid username/password; logon denied
@Para Num= 0SELECT  232*232+(23+323) NUM from DUAL 
11日12时09分58秒Fatal:System');"RunSQL2   SQL=SELECT * FROM Port_Dept WHERE 1=2ORA-01017: invalid username/password; logon denied

11日12时09分58秒Fatal:System');"@ Run queries (RunSQLReturnTable_200705_Ora with paras) Error  sql=SELECT 1+2 FROM DUAL  @ Exception Information :ORA-01017: invalid username/password; logon denied
@Para Num= 0
11日12时10分08秒Fatal:System');"@ Run queries (RunSQLReturnTable_200705_Ora with paras) Error  sql=SELECT 1+2 FROM DUAL  @ Exception Information :ORA-01017: invalid username/password; logon denied
@Para Num= 0
-----------------------------------------------------------------------------------------------------
11日12时11分14秒Info:System');" Success [BP.Port.Emp-13] Placed in the cache .
11日12时15分07秒Fatal:System');"RunSQL2   SQL=DELETE FROM ND123Track ORA-00942: 表或视图不存在

11日12时15分07秒Fatal:System');"RunSQL2   SQL=DELETE FROM ND123Track ORA-00942: 表或视图不存在

11日12时15分07秒Fatal:System');"RunSQL2   SQL=DROP TABLE ND123RptORA-00942: 表或视图不存在

11日12时15分07秒Fatal:System');"RunSQL2   SQL=DROP VIEW V_123ORA-00942: 表或视图不存在

11日12时15分07秒Fatal:System');"RunSQL2   SQL=DROP TABLE ND123Track ORA-00942: 表或视图不存在

11日12时15分08秒Fatal:System');"@ Run queries (RunSQLReturnTable_200705_Ora with paras) Error  sql=	
 SELECT '101' AS FK_FlowSort,'025' AS FK_Flow,OID,FID,Title,WFState,CDT,FlowStarter,FlowStartRDT,FK_Dept,FK_NY,FlowDaySpan,FlowEmps,FlowEnder,FlowEnderRDT,FlowEndNode,1 as MyNum,PWorkID,PFlowNo,BillNo,ProjNo FROM ND25Rpt WHERE WFState >1  @ Exception Information :ORA-00942: 表或视图不存在
@Para Num= 0
11日12时15分08秒Fatal:System');"@ Run queries (RunSQLReturnTable_200705_Ora with paras) Error  sql=	
 SELECT '101' AS FK_FlowSort,'025' AS FK_Flow,OID,FID,Title,WFState,CDT,FlowStarter,FlowStartRDT,FK_Dept,FK_NY,FlowDaySpan,FlowEmps,FlowEnder,FlowEnderRDT,FlowEndNode,1 as MyNum,PWorkID,PFlowNo,BillNo,ProjNo FROM ND25Rpt WHERE WFState >1  @ Exception Information :ORA-00942: 表或视图不存在
@Para Num= 0
11日12时15分08秒Fatal:System');"RunSQL2   SQL=DROP TABLE ND12301ORA-00942: 表或视图不存在

11日12时15分09秒Fatal:System');"RunSQL2   SQL=DROP INDEX ND12301ID ON ND12301ORA-00933: SQL 命令未正确结束

11日12时15分09秒Fatal:System');"RunSQL2   SQL=DROP INDEX ND12301ID ON ND12301ORA-00933: SQL 命令未正确结束

11日12时15分09秒Fatal:System');"RunSQL2   SQL=CREATE INDEX ND12301ID ON ND12301 (OID)ORA-00955: 名称已由现有对象使用

11日12时15分09秒Fatal:System');"RunSQL2   SQL=DROP TABLE ND12302ORA-00942: 表或视图不存在

11日12时15分09秒Fatal:System');"RunSQL2   SQL=DROP INDEX ND12302ID ON ND12302ORA-00933: SQL 命令未正确结束

11日12时15分09秒Fatal:System');"RunSQL2   SQL=DROP INDEX ND12302ID ON ND12302ORA-00933: SQL 命令未正确结束

11日12时15分09秒Fatal:System');"RunSQL2   SQL=CREATE INDEX ND12302ID ON ND12302 (OID)ORA-00955: 名称已由现有对象使用

11日12时15分09秒Fatal:System');"RunSQL2   SQL=UPDATE Sys_MapDtl SET GroupID=375        WHERE  No   IN (SELECT X.No FROM (SELECT No FROM Sys_MapDtl WHERE GroupID NOT IN (SELECT OID FROM Sys_GroupField WHERE EnName='ND12301')) AS X ) AND FK_MapData='ND12301'ORA-00907: 缺失右括号

11日12时15分09秒Fatal:System');"RunSQL2   SQL=DROP TABLE WF_TrackORA-00942: 表或视图不存在

11日12时15分09秒Fatal:System');"RunSQL2   SQL=DROP INDEX WF_TrackID ON WF_TrackORA-00933: SQL 命令未正确结束

11日12时15分09秒Fatal:System');"RunSQL2   SQL=CREATE INDEX WF_TrackID ON WF_Track (MyPK)ORA-00955: 名称已由现有对象使用

11日12时15分09秒Fatal:System');"RunSQL2   SQL=ALTER TABLE WF_TRACK ADD CONSTRAINT WF_Trackpk PRIMARY KEY(MYPK)ORA-02264: 名称已被一现有约束条件占用

11日12时15分10秒Fatal:System');"RunSQL2   SQL=DROP INDEX ND123RptID ON ND123RptORA-00933: SQL 命令未正确结束

11日12时15分10秒Fatal:System');"RunSQL2   SQL=DROP INDEX ND123RptID ON ND123RptORA-00933: SQL 命令未正确结束

11日12时15分10秒Fatal:System');"RunSQL2   SQL=CREATE INDEX ND123RptID ON ND123Rpt (OID)ORA-00955: 名称已由现有对象使用

11日12时15分10秒Fatal:System');"@ Run queries (RunSQLReturnTable_200705_Ora with paras) Error  sql=	
 SELECT '101' AS FK_FlowSort,'025' AS FK_Flow,OID,FID,Title,WFState,CDT,FlowStarter,FlowStartRDT,FK_Dept,FK_NY,FlowDaySpan,FlowEmps,FlowEnder,FlowEnderRDT,FlowEndNode,1 as MyNum,PWorkID,PFlowNo,BillNo,ProjNo FROM ND25Rpt WHERE WFState >1  @ Exception Information :ORA-00942: 表或视图不存在
@Para Num= 0
11日12时15分10秒Fatal:System');"@ Run queries (RunSQLReturnTable_200705_Ora with paras) Error  sql=	
 SELECT '101' AS FK_FlowSort,'025' AS FK_Flow,OID,FID,Title,WFState,CDT,FlowStarter,FlowStartRDT,FK_Dept,FK_NY,FlowDaySpan,FlowEmps,FlowEnder,FlowEnderRDT,FlowEndNode,1 as MyNum,PWorkID,PFlowNo,BillNo,ProjNo FROM ND25Rpt WHERE WFState >1  @ Exception Information :ORA-00942: 表或视图不存在
@Para Num= 0
11日12时26分00秒Fatal:System');"RunSQL2   SQL=UPDATE Sys_MapDtl SET GroupID=379        WHERE  No   IN (SELECT X.No FROM (SELECT No FROM Sys_MapDtl WHERE GroupID NOT IN (SELECT OID FROM Sys_GroupField WHERE EnName='ND12302')) AS X ) AND FK_MapData='ND12302'ORA-00907: 缺失右括号

11日12时26分00秒Fatal:System');"RunSQL2   SQL=UPDATE Sys_MapDtl SET GroupID=379        WHERE  No   IN (SELECT X.No FROM (SELECT No FROM Sys_MapDtl WHERE GroupID NOT IN (SELECT OID FROM Sys_GroupField WHERE EnName='ND12302')) AS X ) AND FK_MapData='ND12302'ORA-00907: 缺失右括号

11日12时26分00秒Fatal:System');"@ Run queries (RunSQLReturnTable_200705_Ora with paras) Error  sql= SELECT NVL(Rec, '@WebUser.No') Rec,NVL(OID,0) OID,NVL(RDT,'2015-01-11') RDT,NVL(FID,0) FID,NVL(RefPK, '0') RefPK, cnname,NVL(age,0) age, NVL( round(amount,4) ,0) AS amount FROM ND12302_Dtl1230 WHERE ( ( ND12302_Dtl1230.RefPK =:RefPK) )  @ Exception Information :ORA-00942: 表或视图不存在
@Para Num= 1@RefPK=0
11日12时26分00秒Fatal:System');"@ Run queries (RunSQLReturnTable_200705_Ora with paras) Error  sql= SELECT NVL(Rec, '@WebUser.No') Rec,NVL(OID,0) OID,NVL(RDT,'2015-01-11') RDT,NVL(FID,0) FID,NVL(RefPK, '0') RefPK, cnname,NVL(age,0) age, NVL( round(amount,4) ,0) AS amount FROM ND12302_Dtl1230 WHERE ( ( ND12302_Dtl1230.RefPK =:RefPK) )  @ Exception Information :ORA-00942: 表或视图不存在
@Para Num= 1@RefPK=0
11日12时26分00秒Fatal:System');"RunSQL2   SQL=DROP INDEX ND12302_Dtl1230ID ON ND12302_Dtl1230ORA-00933: SQL 命令未正确结束

11日12时26分00秒Fatal:System');"RunSQL2   SQL=DROP INDEX ND12302_Dtl1230ID ON ND12302_Dtl1230ORA-00933: SQL 命令未正确结束

11日12时26分00秒Fatal:System');"RunSQL2   SQL=CREATE INDEX ND12302_Dtl1230ID ON ND12302_Dtl1230 (OID)ORA-00955: 名称已由现有对象使用

11日12时26分01秒Fatal:System');"RunSQL2   SQL=DROP INDEX ND12302_Dtl1230ID ON ND12302_Dtl1230ORA-00933: SQL 命令未正确结束

11日12时26分01秒Fatal:System');"RunSQL2   SQL=CREATE INDEX ND12302_Dtl1230ID ON ND12302_Dtl1230 (OID)ORA-00955: 名称已由现有对象使用

