-----------------------------------------------------------------------------------------------------
15日10时26分17秒Fatal:System');"@ Run queries (RunSQLReturnTable_200705_Ora with paras) Error  sql=SELECT  232*232+(23+323) NUM from DUAL  @ Exception Information :ORA-12541: TNS: 无监听程序
@Para Num= 0
15日10时26分17秒Info:System');"@ Run queries (RunSQLReturnTable_200705_Ora with paras) Error  sql=SELECT  232*232+(23+323) NUM from DUAL  @ Exception Information :ORA-12541: TNS: 无监听程序
@Para Num= 0SELECT  232*232+(23+323) NUM from DUAL 
15日10时26分37秒Fatal:System');"RunSQL2   SQL=SELECT * FROM Port_Dept WHERE 1=2ORA-12541: TNS: 无监听程序

15日10时26分37秒Fatal:System');"@ Run queries (RunSQLReturnTable_200705_Ora with paras) Error  sql=SELECT 1+2 FROM DUAL  @ Exception Information :ORA-12541: TNS: 无监听程序
@Para Num= 0
15日10时29分44秒Info:System');" Success [BP.Port.Emp-13] Placed in the cache .
15日10时32分12秒Info:System');" Success [BP.Port.Emp-13] Placed in the cache .
15日10时32分13秒Fatal:System');"RunSQL2   SQL=UPDATE Sys_MapDtl SET GroupID=159        WHERE  No   IN (SELECT X.No FROM (SELECT No FROM Sys_MapDtl WHERE GroupID NOT IN (SELECT OID FROM Sys_GroupField WHERE EnName='GT_LXSQ')) AS X ) AND FK_MapData='GT_LXSQ'ORA-00907: 缺失右括号

15日10时32分15秒Fatal:System');"RunSQL2   SQL=DROP INDEX GT_LXSQID ON GT_LXSQORA-00933: SQL 命令未正确结束

15日10时32分15秒Fatal:System');"RunSQL2   SQL=CREATE INDEX GT_LXSQID ON GT_LXSQ (OID)ORA-00955: 名称已由现有对象使用

15日10时32分15秒Fatal:System');"RunSQL2   SQL=UPDATE Sys_MapDtl SET GroupID=157        WHERE  No   IN (SELECT X.No FROM (SELECT No FROM Sys_MapDtl WHERE GroupID NOT IN (SELECT OID FROM Sys_GroupField WHERE EnName='LXSQS')) AS X ) AND FK_MapData='LXSQS'ORA-00907: 缺失右括号

15日10时32分17秒Fatal:System');"RunSQL2   SQL=DROP INDEX LXSQSID ON LXSQSORA-00933: SQL 命令未正确结束

15日10时32分17秒Fatal:System');"RunSQL2   SQL=CREATE INDEX LXSQSID ON LXSQS (OID)ORA-00955: 名称已由现有对象使用

15日10时32分17秒Fatal:System');"RunSQL2   SQL=UPDATE Sys_MapDtl SET GroupID=155        WHERE  No   IN (SELECT X.No FROM (SELECT No FROM Sys_MapDtl WHERE GroupID NOT IN (SELECT OID FROM Sys_GroupField WHERE EnName='SPGW')) AS X ) AND FK_MapData='SPGW'ORA-00907: 缺失右括号

15日10时32分19秒Fatal:System');"RunSQL2   SQL=DROP INDEX SPGWID ON SPGWORA-00933: SQL 命令未正确结束

15日10时32分19秒Fatal:System');"RunSQL2   SQL=CREATE INDEX SPGWID ON SPGW (OID)ORA-00955: 名称已由现有对象使用

15日10时32分20秒Fatal:System');"RunSQL2   SQL=DROP INDEX ND8401ID ON ND8401ORA-00933: SQL 命令未正确结束

15日10时32分20秒Fatal:System');"RunSQL2   SQL=CREATE INDEX ND8401ID ON ND8401 (OID)ORA-00955: 名称已由现有对象使用

15日10时32分21秒Fatal:System');"RunSQL2   SQL=DROP INDEX ND8499ID ON ND8499ORA-00933: SQL 命令未正确结束

15日10时32分21秒Fatal:System');"RunSQL2   SQL=CREATE INDEX ND8499ID ON ND8499 (OID)ORA-00955: 名称已由现有对象使用

15日10时32分21秒Fatal:System');"RunSQL2   SQL=ALTER TABLE  ND84Track ADD Tag NVARCHAR(4000) DEFAULT '' NULLORA-01735: 无效的 ALTER TABLE 选项

15日10时32分24秒Fatal:System');"RunSQL2   SQL=DROP INDEX ND84RptID ON ND84RptORA-00933: SQL 命令未正确结束

15日10时32分24秒Fatal:System');"RunSQL2   SQL=CREATE INDEX ND84RptID ON ND84Rpt (OID)ORA-00955: 名称已由现有对象使用

15日10时35分44秒Info:System');" Success [BP.Port.Emp-13] Placed in the cache .
15日10时35分44秒Fatal:System');"RunSQL2   SQL=UPDATE Sys_MapDtl SET GroupID=153        WHERE  No   IN (SELECT X.No FROM (SELECT No FROM Sys_MapDtl WHERE GroupID NOT IN (SELECT OID FROM Sys_GroupField WHERE EnName='Demo_HK01')) AS X ) AND FK_MapData='Demo_HK01'ORA-00907: 缺失右括号

15日10时35分45秒Fatal:System');"RunSQL2   SQL=DROP INDEX Demo_HK01ID ON Demo_HK01ORA-00933: SQL 命令未正确结束

15日10时35分45秒Fatal:System');"RunSQL2   SQL=CREATE INDEX Demo_HK01ID ON Demo_HK01 (OID)ORA-00955: 名称已由现有对象使用

15日10时35分45秒Fatal:System');"RunSQL2   SQL=UPDATE Sys_MapDtl SET GroupID=151        WHERE  No   IN (SELECT X.No FROM (SELECT No FROM Sys_MapDtl WHERE GroupID NOT IN (SELECT OID FROM Sys_GroupField WHERE EnName='Demo_HK02')) AS X ) AND FK_MapData='Demo_HK02'ORA-00907: 缺失右括号

15日10时35分46秒Fatal:System');"RunSQL2   SQL=DROP INDEX Demo_HK02ID ON Demo_HK02ORA-00933: SQL 命令未正确结束

15日10时35分46秒Fatal:System');"RunSQL2   SQL=CREATE INDEX Demo_HK02ID ON Demo_HK02 (OID)ORA-00955: 名称已由现有对象使用

15日10时35分46秒Fatal:System');"RunSQL2   SQL=UPDATE Sys_MapDtl SET GroupID=149        WHERE  No   IN (SELECT X.No FROM (SELECT No FROM Sys_MapDtl WHERE GroupID NOT IN (SELECT OID FROM Sys_GroupField WHERE EnName='Demo_HK03')) AS X ) AND FK_MapData='Demo_HK03'ORA-00907: 缺失右括号

15日10时35分47秒Fatal:System');"RunSQL2   SQL=DROP INDEX Demo_HK03ID ON Demo_HK03ORA-00933: SQL 命令未正确结束

15日10时35分47秒Fatal:System');"RunSQL2   SQL=CREATE INDEX Demo_HK03ID ON Demo_HK03 (OID)ORA-00955: 名称已由现有对象使用

15日10时35分49秒Fatal:System');"RunSQL2   SQL=DROP INDEX ND1001ID ON ND1001ORA-00933: SQL 命令未正确结束

15日10时35分49秒Fatal:System');"RunSQL2   SQL=CREATE INDEX ND1001ID ON ND1001 (OID)ORA-00955: 名称已由现有对象使用

15日10时35分50秒Fatal:System');"RunSQL2   SQL=DROP INDEX ND1002ID ON ND1002ORA-00933: SQL 命令未正确结束

15日10时35分50秒Fatal:System');"RunSQL2   SQL=CREATE INDEX ND1002ID ON ND1002 (OID)ORA-00955: 名称已由现有对象使用

15日10时35分50秒Fatal:System');"RunSQL2   SQL=DROP INDEX ND1003ID ON ND1003ORA-00933: SQL 命令未正确结束

15日10时35分50秒Fatal:System');"RunSQL2   SQL=CREATE INDEX ND1003ID ON ND1003 (OID)ORA-00955: 名称已由现有对象使用

15日10时35分51秒Fatal:System');"RunSQL2   SQL=DROP INDEX ND1004ID ON ND1004ORA-00933: SQL 命令未正确结束

15日10时35分51秒Fatal:System');"RunSQL2   SQL=CREATE INDEX ND1004ID ON ND1004 (OID)ORA-00955: 名称已由现有对象使用

15日10时35分52秒Fatal:System');"RunSQL2   SQL=DROP INDEX ND1005ID ON ND1005ORA-00933: SQL 命令未正确结束

15日10时35分52秒Fatal:System');"RunSQL2   SQL=CREATE INDEX ND1005ID ON ND1005 (OID)ORA-00955: 名称已由现有对象使用

15日10时35分52秒Fatal:System');"RunSQL2   SQL=DROP INDEX ND1006ID ON ND1006ORA-00933: SQL 命令未正确结束

15日10时35分52秒Fatal:System');"RunSQL2   SQL=CREATE INDEX ND1006ID ON ND1006 (OID)ORA-00955: 名称已由现有对象使用

15日10时35分53秒Fatal:System');"RunSQL2   SQL=DROP INDEX ND1007ID ON ND1007ORA-00933: SQL 命令未正确结束

15日10时35分53秒Fatal:System');"RunSQL2   SQL=CREATE INDEX ND1007ID ON ND1007 (OID)ORA-00955: 名称已由现有对象使用

15日10时35分54秒Fatal:System');"RunSQL2   SQL=DROP INDEX ND1008ID ON ND1008ORA-00933: SQL 命令未正确结束

15日10时35分54秒Fatal:System');"RunSQL2   SQL=CREATE INDEX ND1008ID ON ND1008 (OID)ORA-00955: 名称已由现有对象使用

15日10时35分55秒Fatal:System');"RunSQL2   SQL=DROP INDEX ND1099ID ON ND1099ORA-00933: SQL 命令未正确结束

15日10时35分55秒Fatal:System');"RunSQL2   SQL=CREATE INDEX ND1099ID ON ND1099 (OID)ORA-00955: 名称已由现有对象使用

15日10时35分55秒Fatal:System');"RunSQL2   SQL=ALTER TABLE  ND10Track ADD Tag NVARCHAR(4000) DEFAULT '' NULLORA-01735: 无效的 ALTER TABLE 选项

15日10时35分58秒Fatal:System');"RunSQL2   SQL=DROP INDEX ND10RptID ON ND10RptORA-00933: SQL 命令未正确结束

15日10时35分58秒Fatal:System');"RunSQL2   SQL=CREATE INDEX ND10RptID ON ND10Rpt (OID)ORA-00955: 名称已由现有对象使用

-----------------------------------------------------------------------------------------------------
15日10时44分02秒Info:System');" Success [BP.Port.Emp-13] Placed in the cache .
15日10时44分02秒Fatal:System');"RunSQL2   SQL=UPDATE Sys_MapDtl SET GroupID=153        WHERE  No   IN (SELECT X.No FROM (SELECT No FROM Sys_MapDtl WHERE GroupID NOT IN (SELECT OID FROM Sys_GroupField WHERE EnName='Demo_HK01')) AS X ) AND FK_MapData='Demo_HK01'ORA-00907: 缺失右括号

15日10时44分03秒Fatal:System');"RunSQL2   SQL=DROP INDEX Demo_HK01ID ON Demo_HK01ORA-00933: SQL 命令未正确结束

15日10时44分03秒Fatal:System');"RunSQL2   SQL=CREATE INDEX Demo_HK01ID ON Demo_HK01 (OID)ORA-00955: 名称已由现有对象使用

15日10时44分03秒Fatal:System');"RunSQL2   SQL=UPDATE Sys_MapDtl SET GroupID=151        WHERE  No   IN (SELECT X.No FROM (SELECT No FROM Sys_MapDtl WHERE GroupID NOT IN (SELECT OID FROM Sys_GroupField WHERE EnName='Demo_HK02')) AS X ) AND FK_MapData='Demo_HK02'ORA-00907: 缺失右括号

15日10时44分04秒Fatal:System');"RunSQL2   SQL=DROP INDEX Demo_HK02ID ON Demo_HK02ORA-00933: SQL 命令未正确结束

15日10时44分04秒Fatal:System');"RunSQL2   SQL=CREATE INDEX Demo_HK02ID ON Demo_HK02 (OID)ORA-00955: 名称已由现有对象使用

15日10时44分04秒Fatal:System');"RunSQL2   SQL=UPDATE Sys_MapDtl SET GroupID=149        WHERE  No   IN (SELECT X.No FROM (SELECT No FROM Sys_MapDtl WHERE GroupID NOT IN (SELECT OID FROM Sys_GroupField WHERE EnName='Demo_HK03')) AS X ) AND FK_MapData='Demo_HK03'ORA-00907: 缺失右括号

15日10时44分04秒Fatal:System');"RunSQL2   SQL=DROP INDEX Demo_HK03ID ON Demo_HK03ORA-00933: SQL 命令未正确结束

15日10时44分04秒Fatal:System');"RunSQL2   SQL=CREATE INDEX Demo_HK03ID ON Demo_HK03 (OID)ORA-00955: 名称已由现有对象使用

15日10时44分05秒Fatal:System');"RunSQL2   SQL=DROP INDEX ND1001ID ON ND1001ORA-00933: SQL 命令未正确结束

15日10时44分05秒Fatal:System');"RunSQL2   SQL=CREATE INDEX ND1001ID ON ND1001 (OID)ORA-00955: 名称已由现有对象使用

15日10时44分06秒Fatal:System');"RunSQL2   SQL=DROP INDEX ND1002ID ON ND1002ORA-00933: SQL 命令未正确结束

15日10时44分06秒Fatal:System');"RunSQL2   SQL=CREATE INDEX ND1002ID ON ND1002 (OID)ORA-00955: 名称已由现有对象使用

15日10时44分06秒Fatal:System');"RunSQL2   SQL=DROP INDEX ND1003ID ON ND1003ORA-00933: SQL 命令未正确结束

15日10时44分06秒Fatal:System');"RunSQL2   SQL=CREATE INDEX ND1003ID ON ND1003 (OID)ORA-00955: 名称已由现有对象使用

15日10时44分07秒Fatal:System');"RunSQL2   SQL=DROP INDEX ND1004ID ON ND1004ORA-00933: SQL 命令未正确结束

15日10时44分07秒Fatal:System');"RunSQL2   SQL=CREATE INDEX ND1004ID ON ND1004 (OID)ORA-00955: 名称已由现有对象使用

15日10时44分07秒Fatal:System');"RunSQL2   SQL=DROP INDEX ND1005ID ON ND1005ORA-00933: SQL 命令未正确结束

15日10时44分07秒Fatal:System');"RunSQL2   SQL=CREATE INDEX ND1005ID ON ND1005 (OID)ORA-00955: 名称已由现有对象使用

15日10时44分08秒Fatal:System');"RunSQL2   SQL=DROP INDEX ND1006ID ON ND1006ORA-00933: SQL 命令未正确结束

15日10时44分08秒Fatal:System');"RunSQL2   SQL=CREATE INDEX ND1006ID ON ND1006 (OID)ORA-00955: 名称已由现有对象使用

15日10时44分08秒Fatal:System');"RunSQL2   SQL=DROP INDEX ND1007ID ON ND1007ORA-00933: SQL 命令未正确结束

15日10时44分08秒Fatal:System');"RunSQL2   SQL=CREATE INDEX ND1007ID ON ND1007 (OID)ORA-00955: 名称已由现有对象使用

15日10时44分08秒Fatal:System');"RunSQL2   SQL=DROP INDEX ND1008ID ON ND1008ORA-00933: SQL 命令未正确结束

15日10时44分08秒Fatal:System');"RunSQL2   SQL=CREATE INDEX ND1008ID ON ND1008 (OID)ORA-00955: 名称已由现有对象使用

15日10时44分09秒Fatal:System');"RunSQL2   SQL=DROP INDEX ND1099ID ON ND1099ORA-00933: SQL 命令未正确结束

15日10时44分09秒Fatal:System');"RunSQL2   SQL=CREATE INDEX ND1099ID ON ND1099 (OID)ORA-00955: 名称已由现有对象使用

15日10时44分09秒Fatal:System');"RunSQL2   SQL=ALTER TABLE  ND10Track ADD Tag NVARCHAR(4000) DEFAULT '' NULLORA-01735: 无效的 ALTER TABLE 选项

15日10时44分11秒Fatal:System');"RunSQL2   SQL=DROP INDEX ND10RptID ON ND10RptORA-00933: SQL 命令未正确结束

15日10时44分11秒Fatal:System');"RunSQL2   SQL=CREATE INDEX ND10RptID ON ND10Rpt (OID)ORA-00955: 名称已由现有对象使用

-----------------------------------------------------------------------------------------------------
15日14时45分15秒Info:System');" Success [BP.Port.Emp-13] Placed in the cache .
